Log file open, 03/01/23 17:45:12
LogWindows: Failed to load 'aqProf.dll' (GetLastError=126)
LogWindows: File 'aqProf.dll' does not exist
LogWindows: Failed to load 'VtuneApi.dll' (GetLastError=126)
LogWindows: File 'VtuneApi.dll' does not exist
LogWindows: Failed to load 'VtuneApi32e.dll' (GetLastError=126)
LogWindows: File 'VtuneApi32e.dll' does not exist
LogConsoleResponse: Display: Failed to find resolution value strings in scalability ini. Falling back to default.
LogConsoleResponse: Display: Failed to find resolution value strings in scalability ini. Falling back to default.
LogInit: Display: Running engine for game: vectors3d
LogPlatformFile: Not using cached read wrapper
LogTaskGraph: Started task graph with 5 named threads and 23 total threads with 3 sets of task threads.
LogStats: Stats thread started at 0.256645
LogICUInternationalization: ICU TimeZone Detection - Raw Offset: +5:30, Platform Override: ''
LogInit: Display: Loading text-based GConfig....
LogPluginManager: Mounting plugin MeshPainting
LogPluginManager: Mounting plugin XGEController
LogPluginManager: Mounting plugin Paper2D
LogPluginManager: Mounting plugin LiveLink
LogPluginManager: Mounting plugin AISupport
LogPluginManager: Mounting plugin EnvironmentQueryEditor
LogPluginManager: Mounting plugin LightPropagationVolume
LogPluginManager: Mounting plugin GameplayCameras
LogPluginManager: Mounting plugin CameraShakePreviewer
LogPluginManager: Mounting plugin OodleData
LogPluginManager: Mounting plugin OodleNetwork
LogPluginManager: Mounting plugin AnimationSharing
LogPluginManager: Mounting plugin CLionSourceCodeAccess
LogPluginManager: Mounting plugin CodeLiteSourceCodeAccess
LogPluginManager: Mounting plugin GitSourceControl
LogPluginManager: Mounting plugin KDevelopSourceCodeAccess
LogPluginManager: Mounting plugin NullSourceCodeAccess
LogPluginManager: Mounting plugin PerforceSourceControl
LogPluginManager: Mounting plugin PlasticSourceControl
LogPluginManager: Mounting plugin PixWinPlugin
LogPluginManager: Mounting plugin PluginUtils
LogPluginManager: Mounting plugin PropertyAccessNode
LogPluginManager: Mounting plugin RiderSourceCodeAccess
LogPluginManager: Mounting plugin SubversionSourceControl
LogPluginManager: Mounting plugin TextureFormatOodle
LogPluginManager: Mounting plugin VisualStudioSourceCodeAccess
LogPluginManager: Mounting plugin VisualStudioCodeSourceCodeAccess
LogPluginManager: Mounting plugin UObjectPlugin
LogPluginManager: Mounting plugin XCodeSourceCodeAccess
LogPluginManager: Mounting plugin DatasmithContent
LogPluginManager: Mounting plugin AssetManagerEditor
LogPluginManager: Mounting plugin VariantManagerContent
LogPluginManager: Mounting plugin CryptoKeys
LogPluginManager: Mounting plugin AlembicImporter
LogPluginManager: Mounting plugin CurveEditorTools
LogPluginManager: Mounting plugin DataValidation
LogPluginManager: Mounting plugin FacialAnimation
LogPluginManager: Mounting plugin GameplayTagsEditor
LogPluginManager: Mounting plugin AutomationUtils
LogPluginManager: Mounting plugin BackChannel
LogPluginManager: Mounting plugin GeometryMode
LogPluginManager: Mounting plugin MaterialAnalyzer
LogPluginManager: Mounting plugin ChaosCloth
LogPluginManager: Mounting plugin MobileLauncherProfileWizard
LogPluginManager: Mounting plugin ChaosClothEditor
LogPluginManager: Mounting plugin PluginBrowser
LogPluginManager: Mounting plugin MacGraphicsSwitching
LogPluginManager: Mounting plugin SpeedTreeImporter
LogPluginManager: Mounting plugin ChaosEditor
LogPluginManager: Mounting plugin ChaosNiagara
LogPluginManager: Mounting plugin ChaosSolverPlugin
LogPluginManager: Mounting plugin CharacterAI
LogPluginManager: Mounting plugin GeometryCache
LogPluginManager: Mounting plugin Niagara
LogPluginManager: Mounting plugin GeometryCollectionPlugin
LogPluginManager: Mounting plugin GeometryProcessing
LogPluginManager: Mounting plugin MotoSynth
LogPluginManager: Mounting plugin OpenImageDenoise
LogPluginManager: Mounting plugin PlanarCut
LogPluginManager: Mounting plugin PlatformCrypto
LogPluginManager: Mounting plugin ProxyLODPlugin
LogPluginManager: Mounting plugin PythonScriptPlugin
LogPluginManager: Mounting plugin LuminPlatformFeatures
LogPluginManager: Mounting plugin MagicLeap
LogPluginManager: Mounting plugin MagicLeapLightEstimation
LogPluginManager: Mounting plugin MagicLeapMedia
LogPluginManager: Mounting plugin MagicLeapPassableWorld
LogPluginManager: Mounting plugin SkeletalReduction
LogPluginManager: Mounting plugin MLSDK
LogPluginManager: Mounting plugin AndroidMedia
LogPluginManager: Mounting plugin AvfMedia
LogPluginManager: Mounting plugin ImgMedia
LogPluginManager: Mounting plugin MediaCompositing
LogPluginManager: Mounting plugin MediaPlayerEditor
LogPluginManager: Mounting plugin WebMMedia
LogPluginManager: Mounting plugin WmfMedia
LogPluginManager: Mounting plugin TcpMessaging
LogPluginManager: Mounting plugin UdpMessaging
LogPluginManager: Mounting plugin ActorSequence
LogPluginManager: Mounting plugin LevelSequenceEditor
LogPluginManager: Mounting plugin MatineeToLevelSequence
LogPluginManager: Mounting plugin TemplateSequence
LogPluginManager: Mounting plugin OnlineSubsystem
LogPluginManager: Mounting plugin OnlineSubsystemNull
LogPluginManager: Mounting plugin OnlineSubsystemUtils
LogPluginManager: Mounting plugin LauncherChunkInstaller
LogPluginManager: Mounting plugin ActorLayerUtilities
LogPluginManager: Mounting plugin AndroidDeviceProfileSelector
LogPluginManager: Mounting plugin AndroidMoviePlayer
LogPluginManager: Mounting plugin AndroidPermission
LogPluginManager: Mounting plugin AppleImageUtils
LogPluginManager: Mounting plugin AppleMoviePlayer
LogPluginManager: Mounting plugin ArchVisCharacter
LogPluginManager: Mounting plugin AssetTags
LogPluginManager: Mounting plugin AudioCapture
LogPluginManager: Mounting plugin CableComponent
LogPluginManager: Mounting plugin CustomMeshComponent
LogPluginManager: Mounting plugin ChunkDownloader
LogPluginManager: Mounting plugin AudioSynesthesia
LogPluginManager: Mounting plugin EditableMesh
LogPluginManager: Mounting plugin ExampleDeviceProfileSelector
LogPluginManager: Mounting plugin ScreenshotTools
LogPluginManager: Mounting plugin GoogleCloudMessaging
LogPluginManager: Mounting plugin GooglePAD
LogPluginManager: Mounting plugin IOSDeviceProfileSelector
LogPluginManager: Mounting plugin LinuxDeviceProfileSelector
LogPluginManager: Mounting plugin LocationServicesBPLibrary
LogPluginManager: Mounting plugin MobilePatchingUtils
LogPluginManager: Mounting plugin OpenXR
LogPluginManager: Mounting plugin OpenXREyeTracker
LogPluginManager: Mounting plugin Takes
LogPluginManager: Mounting plugin OpenXRHandTracking
LogPluginManager: Mounting plugin PhysXVehicles
LogPluginManager: Mounting plugin PostSplashScreen
LogPluginManager: Mounting plugin ProceduralMeshComponent
LogPluginManager: Mounting plugin PropertyAccessEditor
LogPluginManager: Mounting plugin RuntimePhysXCooking
LogPluginManager: Mounting plugin SignificanceManager
LogPluginManager: Mounting plugin SoundFields
LogPluginManager: Mounting plugin Synthesis
LogPluginManager: Mounting plugin WebMMoviePlayer
LogPluginManager: Mounting plugin WindowsMoviePlayer
LogPluginManager: Mounting plugin ContentBrowserAssetDataSource
LogPluginManager: Mounting plugin ContentBrowserClassDataSource
LogPluginManager: Mounting plugin ContentBrowserFileDataSource
LogPluginManager: Mounting plugin OnlineSubsystemGooglePlay
LogPluginManager: Mounting plugin OnlineSubsystemIOS
LogPluginManager: Mounting plugin OculusVR
LogPluginManager: Mounting plugin SteamVR
PixWinPlugin: PIX capture plugin failed to initialize! Check that the process is launched from PIX.
LogInit: Using libcurl 7.55.1-DEV
LogInit:  - built for x86_64-pc-win32
LogInit:  - supports SSL with OpenSSL/1.1.1
LogInit:  - supports HTTP deflate (compression) using libz 1.2.8
LogInit:  - other features:
LogInit:      CURL_VERSION_SSL
LogInit:      CURL_VERSION_LIBZ
LogInit:      CURL_VERSION_IPV6
LogInit:      CURL_VERSION_ASYNCHDNS
LogInit:      CURL_VERSION_LARGEFILE
LogInit:      CURL_VERSION_IDN
LogInit:  CurlRequestOptions (configurable via config and command line):
LogInit:  - bVerifyPeer = true  - Libcurl will verify peer certificate
LogInit:  - bUseHttpProxy = false  - Libcurl will NOT use HTTP proxy
LogInit:  - bDontReuseConnections = false  - Libcurl will reuse connections
LogInit:  - MaxHostConnections = 16  - Libcurl will limit the number of connections to a host
LogInit:  - LocalHostAddr = Default
LogInit:  - BufferSize = 65536
LogOnline: OSS: Creating online subsystem instance for: NULL
LogInit: WinSock: version 1.1 (2.2), MaxSocks=32767, MaxUdp=65467
LogOnline: OSS: TryLoadSubsystemAndSetDefault: Loaded subsystem for module [NULL]
LogOculusPluginWrapper: OculusPlugin initialized successfully
LogHMD: Failed initializing OVRPlugin 1.59.0
LogInit: Build: ++UE4+Release-4.27-CL-18319896
LogInit: Engine Version: 4.27.2-18319896+++UE4+Release-4.27
LogInit: Compatible Engine Version: 4.27.0-17155196+++UE4+Release-4.27
LogInit: Net CL: 17155196
LogInit: OS: Windows 10 (Release 2009) (), CPU: Intel(R) Core(TM) i7-7700 CPU @ 3.60GHz, GPU: NVIDIA GeForce GTX 1050 Ti
LogInit: Compiled (64-bit): Nov 30 2021 07:12:08
LogInit: Compiled with Visual C++: 19.24.28315.00
LogInit: Build Configuration: Development
LogInit: Branch Name: ++UE4+Release-4.27
LogInit: Command Line:  /Game/ThirdPersonCPP/Maps/ThirdPersonExampleMap -game -PIEVIACONSOLE -Multiprocess "GameUserSettingsINI=D:/unreal projects/vectors3d/Saved/Config/Windows/PIEGameUserSettings0.ini" -MultiprocessSaveConfig -forcepassthrough -messaging -SessionName="Play in Standalone Game" -windowed -ResX=1280 -ResY=720
LogInit: Base Directory: C:/Program Files/Epic Games/UE_4.27/Engine/Binaries/Win64/
LogInit: Allocator: TBB
LogInit: Installed Engine Build: 1
LogDevObjectVersion: Number of dev versions registered: 29
LogDevObjectVersion:   Dev-Blueprints (B0D832E4-1F89-4F0D-ACCF-7EB736FD4AA2): 10
LogDevObjectVersion:   Dev-Build (E1C64328-A22C-4D53-A36C-8E866417BD8C): 0
LogDevObjectVersion:   Dev-Core (375EC13C-06E4-48FB-B500-84F0262A717E): 4
LogDevObjectVersion:   Dev-Editor (E4B068ED-F494-42E9-A231-DA0B2E46BB41): 40
LogDevObjectVersion:   Dev-Framework (CFFC743F-43B0-4480-9391-14DF171D2073): 37
LogDevObjectVersion:   Dev-Mobile (B02B49B5-BB20-44E9-A304-32B752E40360): 3
LogDevObjectVersion:   Dev-Networking (A4E4105C-59A1-49B5-A7C5-40C4547EDFEE): 0
LogDevObjectVersion:   Dev-Online (39C831C9-5AE6-47DC-9A44-9C173E1C8E7C): 0
LogDevObjectVersion:   Dev-Physics (78F01B33-EBEA-4F98-B9B4-84EACCB95AA2): 14
LogDevObjectVersion:   Dev-Platform (6631380F-2D4D-43E0-8009-CF276956A95A): 0
LogDevObjectVersion:   Dev-Rendering (12F88B9F-8875-4AFC-A67C-D90C383ABD29): 45
LogDevObjectVersion:   Dev-Sequencer (7B5AE74C-D270-4C10-A958-57980B212A5A): 13
LogDevObjectVersion:   Dev-VR (D7296918-1DD6-4BDD-9DE2-64A83CC13884): 3
LogDevObjectVersion:   Dev-LoadTimes (C2A15278-BFE7-4AFE-6C17-90FF531DF755): 1
LogDevObjectVersion:   Private-Geometry (6EACA3D4-40EC-4CC1-B786-8BED09428FC5): 3
LogDevObjectVersion:   Dev-AnimPhys (29E575DD-E0A3-4627-9D10-D276232CDCEA): 17
LogDevObjectVersion:   Dev-Anim (AF43A65D-7FD3-4947-9873-3E8ED9C1BB05): 15
LogDevObjectVersion:   Dev-ReflectionCapture (6B266CEC-1EC7-4B8F-A30B-E4D90942FC07): 1
LogDevObjectVersion:   Dev-Automation (0DF73D61-A23F-47EA-B727-89E90C41499A): 1
LogDevObjectVersion:   FortniteMain (601D1886-AC64-4F84-AA16-D3DE0DEAC7D6): 47
LogDevObjectVersion:   FortniteRelease (E7086368-6B23-4C58-8439-1B7016265E91): 1
LogDevObjectVersion:   Dev-Enterprise (9DFFBCD6-494F-0158-E221-12823C92A888): 10
LogDevObjectVersion:   Dev-Niagara (F2AED0AC-9AFE-416F-8664-AA7FFA26D6FC): 1
LogDevObjectVersion:   Dev-Destruction (174F1F0B-B4C6-45A5-B13F-2EE8D0FB917D): 10
LogDevObjectVersion:   Dev-Physics-Ext (35F94A83-E258-406C-A318-09F59610247C): 41
LogDevObjectVersion:   Dev-PhysicsMaterial-Chaos (B68FC16E-8B1B-42E2-B453-215C058844FE): 1
LogDevObjectVersion:   Dev-CineCamera (B2E18506-4273-CFC2-A54E-F4BB758BBA07): 1
LogDevObjectVersion:   Dev-VirtualProduction (64F58936-FD1B-42BA-BA96-7289D5D0FA4E): 1
LogDevObjectVersion:   Dev-MediaFramework (6F0ED827-A609-4895-9C91-998D90180EA4): 2
LogInit: Presizing for max 25165824 objects, including 0 objects not considered by GC, pre-allocating 0 bytes for permanent pool.
LogConfig: Applying CVar settings from Section [/Script/Engine.StreamingSettings] File [D:/unreal projects/vectors3d/Saved/Config/Windows/Engine.ini]
LogConfig: Setting CVar [[s.MinBulkDataSizeForAsyncLoading:131072]]
LogConfig: Setting CVar [[s.AsyncLoadingThreadEnabled:0]]
LogConfig: Setting CVar [[s.EventDrivenLoaderEnabled:1]]
LogConfig: Setting CVar [[s.WarnIfTimeLimitExceeded:0]]
LogConfig: Setting CVar [[s.TimeLimitExceededMultiplier:1.5]]
LogConfig: Setting CVar [[s.TimeLimitExceededMinTime:0.005]]
LogConfig: Setting CVar [[s.UseBackgroundLevelStreaming:1]]
LogConfig: Setting CVar [[s.PriorityAsyncLoadingExtraTime:15.0]]
LogConfig: Setting CVar [[s.LevelStreamingActorsUpdateTimeLimit:5.0]]
LogConfig: Setting CVar [[s.PriorityLevelStreamingActorsUpdateExtraTime:5.0]]
LogConfig: Setting CVar [[s.LevelStreamingComponentsRegistrationGranularity:10]]
LogConfig: Setting CVar [[s.UnregisterComponentsTimeLimit:1.0]]
LogConfig: Setting CVar [[s.LevelStreamingComponentsUnregistrationGranularity:5]]
LogConfig: Setting CVar [[s.FlushStreamingOnExit:1]]
LogInit: Object subsystem initialized
LogConfig: Setting CVar [[con.DebugEarlyDefault:1]]
LogConfig: Setting CVar [[r.setres:1280x720]]
[2023.03.01-12.15.13:327][  0]LogConfig: Setting CVar [[con.DebugEarlyDefault:1]]
[2023.03.01-12.15.13:327][  0]LogConfig: Setting CVar [[r.setres:1280x720]]
[2023.03.01-12.15.13:327][  0]LogConfig: Applying CVar settings from Section [/Script/Engine.RendererSettings] File [D:/unreal projects/vectors3d/Saved/Config/Windows/Engine.ini]
[2023.03.01-12.15.13:327][  0]LogConfig: Setting CVar [[r.GPUCrashDebugging:0]]
[2023.03.01-12.15.13:327][  0]LogConfig: Applying CVar settings from Section [/Script/Engine.RendererOverrideSettings] File [D:/unreal projects/vectors3d/Saved/Config/Windows/Engine.ini]
[2023.03.01-12.15.13:328][  0]LogConfig: Applying CVar settings from Section [/Script/Engine.StreamingSettings] File [D:/unreal projects/vectors3d/Saved/Config/Windows/Engine.ini]
[2023.03.01-12.15.13:328][  0]LogConfig: Setting CVar [[s.MinBulkDataSizeForAsyncLoading:131072]]
[2023.03.01-12.15.13:328][  0]LogConfig: Setting CVar [[s.AsyncLoadingThreadEnabled:0]]
[2023.03.01-12.15.13:328][  0]LogConfig: Setting CVar [[s.EventDrivenLoaderEnabled:1]]
[2023.03.01-12.15.13:328][  0]LogConfig: Setting CVar [[s.WarnIfTimeLimitExceeded:0]]
[2023.03.01-12.15.13:328][  0]LogConfig: Setting CVar [[s.TimeLimitExceededMultiplier:1.5]]
[2023.03.01-12.15.13:328][  0]LogConfig: Setting CVar [[s.TimeLimitExceededMinTime:0.005]]
[2023.03.01-12.15.13:328][  0]LogConfig: Setting CVar [[s.UseBackgroundLevelStreaming:1]]
[2023.03.01-12.15.13:328][  0]LogConfig: Setting CVar [[s.PriorityAsyncLoadingExtraTime:15.0]]
[2023.03.01-12.15.13:328][  0]LogConfig: Setting CVar [[s.LevelStreamingActorsUpdateTimeLimit:5.0]]
[2023.03.01-12.15.13:328][  0]LogConfig: Setting CVar [[s.PriorityLevelStreamingActorsUpdateExtraTime:5.0]]
[2023.03.01-12.15.13:328][  0]LogConfig: Setting CVar [[s.LevelStreamingComponentsRegistrationGranularity:10]]
[2023.03.01-12.15.13:328][  0]LogConfig: Setting CVar [[s.UnregisterComponentsTimeLimit:1.0]]
[2023.03.01-12.15.13:328][  0]LogConfig: Setting CVar [[s.LevelStreamingComponentsUnregistrationGranularity:5]]
[2023.03.01-12.15.13:328][  0]LogConfig: Setting CVar [[s.FlushStreamingOnExit:1]]
[2023.03.01-12.15.13:328][  0]LogConfig: Applying CVar settings from Section [/Script/Engine.GarbageCollectionSettings] File [D:/unreal projects/vectors3d/Saved/Config/Windows/Engine.ini]
[2023.03.01-12.15.13:328][  0]LogConfig: Setting CVar [[gc.MaxObjectsNotConsideredByGC:1]]
[2023.03.01-12.15.13:328][  0]LogConfig: Setting CVar [[gc.SizeOfPermanentObjectPool:0]]
[2023.03.01-12.15.13:328][  0]LogConfig: Setting CVar [[gc.FlushStreamingOnGC:0]]
[2023.03.01-12.15.13:328][  0]LogConfig: Setting CVar [[gc.NumRetriesBeforeForcingGC:10]]
[2023.03.01-12.15.13:328][  0]LogConfig: Setting CVar [[gc.AllowParallelGC:1]]
[2023.03.01-12.15.13:328][  0]LogConfig: Setting CVar [[gc.TimeBetweenPurgingPendingKillObjects:61.1]]
[2023.03.01-12.15.13:328][  0]LogConfig: Setting CVar [[gc.MaxObjectsInEditor:25165824]]
[2023.03.01-12.15.13:328][  0]LogConfig: Setting CVar [[gc.IncrementalBeginDestroyEnabled:1]]
[2023.03.01-12.15.13:328][  0]LogConfig: Setting CVar [[gc.CreateGCClusters:1]]
[2023.03.01-12.15.13:328][  0]LogConfig: Setting CVar [[gc.MinGCClusterSize:5]]
[2023.03.01-12.15.13:328][  0]LogConfig: Setting CVar [[gc.ActorClusteringEnabled:0]]
[2023.03.01-12.15.13:328][  0]LogConfig: Setting CVar [[gc.BlueprintClusteringEnabled:0]]
[2023.03.01-12.15.13:328][  0]LogConfig: Setting CVar [[gc.UseDisregardForGCOnDedicatedServers:0]]
[2023.03.01-12.15.13:328][  0]LogConfig: Setting CVar [[gc.MultithreadedDestructionEnabled:1]]
[2023.03.01-12.15.13:328][  0]LogConfig: Applying CVar settings from Section [/Script/Engine.NetworkSettings] File [D:/unreal projects/vectors3d/Saved/Config/Windows/Engine.ini]
[2023.03.01-12.15.13:328][  0]LogConfig: Applying CVar settings from Section [/Script/UnrealEd.CookerSettings] File [D:/unreal projects/vectors3d/Saved/Config/Windows/Engine.ini]
[2023.03.01-12.15.13:334][  0]LogConfig: Applying CVar settings from Section [ViewDistanceQuality@3] File [D:/unreal projects/vectors3d/Saved/Config/Windows/Scalability.ini]
[2023.03.01-12.15.13:334][  0]LogConfig: Setting CVar [[r.SkeletalMeshLODBias:0]]
[2023.03.01-12.15.13:334][  0]LogConfig: Setting CVar [[r.ViewDistanceScale:1.0]]
[2023.03.01-12.15.13:334][  0]LogConfig: Applying CVar settings from Section [AntiAliasingQuality@3] File [D:/unreal projects/vectors3d/Saved/Config/Windows/Scalability.ini]
[2023.03.01-12.15.13:334][  0]LogConfig: Setting CVar [[r.PostProcessAAQuality:4]]
[2023.03.01-12.15.13:334][  0]LogConfig: Applying CVar settings from Section [ShadowQuality@3] File [D:/unreal projects/vectors3d/Saved/Config/Windows/Scalability.ini]
[2023.03.01-12.15.13:334][  0]LogConfig: Setting CVar [[r.LightFunctionQuality:1]]
[2023.03.01-12.15.13:334][  0]LogConfig: Setting CVar [[r.ShadowQuality:5]]
[2023.03.01-12.15.13:334][  0]LogConfig: Setting CVar [[r.Shadow.CSM.MaxCascades:10]]
[2023.03.01-12.15.13:334][  0]LogConfig: Setting CVar [[r.Shadow.MaxResolution:2048]]
[2023.03.01-12.15.13:334][  0]LogConfig: Setting CVar [[r.Shadow.MaxCSMResolution:2048]]
[2023.03.01-12.15.13:334][  0]LogConfig: Setting CVar [[r.Shadow.RadiusThreshold:0.01]]
[2023.03.01-12.15.13:334][  0]LogConfig: Setting CVar [[r.Shadow.DistanceScale:1.0]]
[2023.03.01-12.15.13:334][  0]LogConfig: Setting CVar [[r.Shadow.CSM.TransitionScale:1.0]]
[2023.03.01-12.15.13:334][  0]LogConfig: Setting CVar [[r.Shadow.PreShadowResolutionFactor:1.0]]
[2023.03.01-12.15.13:334][  0]LogConfig: Setting CVar [[r.DistanceFieldShadowing:1]]
[2023.03.01-12.15.13:334][  0]LogConfig: Setting CVar [[r.DistanceFieldAO:1]]
[2023.03.01-12.15.13:334][  0]LogConfig: Setting CVar [[r.AOQuality:2]]
[2023.03.01-12.15.13:334][  0]LogConfig: Setting CVar [[r.VolumetricFog:1]]
[2023.03.01-12.15.13:334][  0]LogConfig: Setting CVar [[r.VolumetricFog.GridPixelSize:8]]
[2023.03.01-12.15.13:334][  0]LogConfig: Setting CVar [[r.VolumetricFog.GridSizeZ:128]]
[2023.03.01-12.15.13:334][  0]LogConfig: Setting CVar [[r.VolumetricFog.HistoryMissSupersampleCount:4]]
[2023.03.01-12.15.13:334][  0]LogConfig: Setting CVar [[r.LightMaxDrawDistanceScale:1]]
[2023.03.01-12.15.13:334][  0]LogConfig: Setting CVar [[r.CapsuleShadows:1]]
[2023.03.01-12.15.13:334][  0]LogConfig: Applying CVar settings from Section [PostProcessQuality@3] File [D:/unreal projects/vectors3d/Saved/Config/Windows/Scalability.ini]
[2023.03.01-12.15.13:334][  0]LogConfig: Setting CVar [[r.MotionBlurQuality:4]]
[2023.03.01-12.15.13:334][  0]LogConfig: Setting CVar [[r.AmbientOcclusionMipLevelFactor:0.4]]
[2023.03.01-12.15.13:334][  0]LogConfig: Setting CVar [[r.AmbientOcclusionMaxQuality:100]]
[2023.03.01-12.15.13:334][  0]LogConfig: Setting CVar [[r.AmbientOcclusionLevels:-1]]
[2023.03.01-12.15.13:335][  0]LogConfig: Setting CVar [[r.AmbientOcclusionRadiusScale:1.0]]
[2023.03.01-12.15.13:335][  0]LogConfig: Setting CVar [[r.DepthOfFieldQuality:2]]
[2023.03.01-12.15.13:335][  0]LogConfig: Setting CVar [[r.RenderTargetPoolMin:400]]
[2023.03.01-12.15.13:335][  0]LogConfig: Setting CVar [[r.LensFlareQuality:2]]
[2023.03.01-12.15.13:335][  0]LogConfig: Setting CVar [[r.SceneColorFringeQuality:1]]
[2023.03.01-12.15.13:335][  0]LogConfig: Setting CVar [[r.EyeAdaptationQuality:2]]
[2023.03.01-12.15.13:335][  0]LogConfig: Setting CVar [[r.BloomQuality:5]]
[2023.03.01-12.15.13:335][  0]LogConfig: Setting CVar [[r.FastBlurThreshold:100]]
[2023.03.01-12.15.13:335][  0]LogConfig: Setting CVar [[r.Upscale.Quality:3]]
[2023.03.01-12.15.13:335][  0]LogConfig: Setting CVar [[r.Tonemapper.GrainQuantization:1]]
[2023.03.01-12.15.13:335][  0]LogConfig: Setting CVar [[r.LightShaftQuality:1]]
[2023.03.01-12.15.13:335][  0]LogConfig: Setting CVar [[r.Filter.SizeScale:1]]
[2023.03.01-12.15.13:335][  0]LogConfig: Setting CVar [[r.Tonemapper.Quality:5]]
[2023.03.01-12.15.13:335][  0]LogConfig: Setting CVar [[r.DOF.Gather.AccumulatorQuality:1        ; higher gathering accumulator quality]]
[2023.03.01-12.15.13:335][  0]LogConfig: Setting CVar [[r.DOF.Gather.PostfilterMethod:1          ; Median3x3 postfilering method]]
[2023.03.01-12.15.13:335][  0]LogConfig: Setting CVar [[r.DOF.Gather.EnableBokehSettings:0       ; no bokeh simulation when gathering]]
[2023.03.01-12.15.13:335][  0]LogConfig: Setting CVar [[r.DOF.Gather.RingCount:4                 ; medium number of samples when gathering]]
[2023.03.01-12.15.13:335][  0]LogConfig: Setting CVar [[r.DOF.Scatter.ForegroundCompositing:1    ; additive foreground scattering]]
[2023.03.01-12.15.13:335][  0]LogConfig: Setting CVar [[r.DOF.Scatter.BackgroundCompositing:2    ; additive background scattering]]
[2023.03.01-12.15.13:335][  0]LogConfig: Setting CVar [[r.DOF.Scatter.EnableBokehSettings:1      ; bokeh simulation when scattering]]
[2023.03.01-12.15.13:335][  0]LogConfig: Setting CVar [[r.DOF.Scatter.MaxSpriteRatio:0.1         ; only a maximum of 10% of scattered bokeh]]
[2023.03.01-12.15.13:335][  0]LogConfig: Setting CVar [[r.DOF.Recombine.Quality:1                ; cheap slight out of focus]]
[2023.03.01-12.15.13:335][  0]LogConfig: Setting CVar [[r.DOF.Recombine.EnableBokehSettings:0    ; no bokeh simulation on slight out of focus]]
[2023.03.01-12.15.13:335][  0]LogConfig: Setting CVar [[r.DOF.TemporalAAQuality:1                ; more stable temporal accumulation]]
[2023.03.01-12.15.13:335][  0]LogConfig: Setting CVar [[r.DOF.Kernel.MaxForegroundRadius:0.025]]
[2023.03.01-12.15.13:335][  0]LogConfig: Setting CVar [[r.DOF.Kernel.MaxBackgroundRadius:0.025]]
[2023.03.01-12.15.13:335][  0]LogConfig: Applying CVar settings from Section [TextureQuality@3] File [D:/unreal projects/vectors3d/Saved/Config/Windows/Scalability.ini]
[2023.03.01-12.15.13:335][  0]LogConfig: Setting CVar [[r.Streaming.MipBias:0]]
[2023.03.01-12.15.13:335][  0]LogConfig: Setting CVar [[r.Streaming.AmortizeCPUToGPUCopy:0]]
[2023.03.01-12.15.13:335][  0]LogConfig: Setting CVar [[r.Streaming.MaxNumTexturesToStreamPerFrame:0]]
[2023.03.01-12.15.13:335][  0]LogConfig: Setting CVar [[r.Streaming.Boost:1]]
[2023.03.01-12.15.13:335][  0]LogConfig: Setting CVar [[r.MaxAnisotropy:8]]
[2023.03.01-12.15.13:335][  0]LogConfig: Setting CVar [[r.VT.MaxAnisotropy:8]]
[2023.03.01-12.15.13:335][  0]LogConfig: Setting CVar [[r.Streaming.LimitPoolSizeToVRAM:0]]
[2023.03.01-12.15.13:335][  0]LogConfig: Setting CVar [[r.Streaming.PoolSize:1000]]
[2023.03.01-12.15.13:335][  0]LogConfig: Setting CVar [[r.Streaming.MaxEffectiveScreenSize:0]]
[2023.03.01-12.15.13:335][  0]LogConfig: Applying CVar settings from Section [EffectsQuality@3] File [D:/unreal projects/vectors3d/Saved/Config/Windows/Scalability.ini]
[2023.03.01-12.15.13:335][  0]LogConfig: Setting CVar [[r.TranslucencyLightingVolumeDim:64]]
[2023.03.01-12.15.13:335][  0]LogConfig: Setting CVar [[r.RefractionQuality:2]]
[2023.03.01-12.15.13:335][  0]LogConfig: Setting CVar [[r.SSR.Quality:3]]
[2023.03.01-12.15.13:335][  0]LogConfig: Setting CVar [[r.SSR.HalfResSceneColor:0]]
[2023.03.01-12.15.13:335][  0]LogConfig: Setting CVar [[r.SceneColorFormat:4]]
[2023.03.01-12.15.13:335][  0]LogConfig: Setting CVar [[r.DetailMode:2]]
[2023.03.01-12.15.13:335][  0]LogConfig: Setting CVar [[r.TranslucencyVolumeBlur:1]]
[2023.03.01-12.15.13:335][  0]LogConfig: Setting CVar [[r.MaterialQualityLevel:1 ; High quality]]
[2023.03.01-12.15.13:335][  0]LogConfig: Setting CVar [[r.AnisotropicMaterials:1]]
[2023.03.01-12.15.13:335][  0]LogConfig: Setting CVar [[r.SSS.Scale:1]]
[2023.03.01-12.15.13:335][  0]LogConfig: Setting CVar [[r.SSS.SampleSet:2]]
[2023.03.01-12.15.13:335][  0]LogConfig: Setting CVar [[r.SSS.Quality:1]]
[2023.03.01-12.15.13:335][  0]LogConfig: Setting CVar [[r.SSS.HalfRes:0]]
[2023.03.01-12.15.13:335][  0]LogConfig: Setting CVar [[r.SSGI.Quality:3]]
[2023.03.01-12.15.13:335][  0]LogConfig: Setting CVar [[r.EmitterSpawnRateScale:1.0]]
[2023.03.01-12.15.13:335][  0]LogConfig: Setting CVar [[r.ParticleLightQuality:2]]
[2023.03.01-12.15.13:335][  0]LogConfig: Setting CVar [[r.SkyAtmosphere.AerialPerspectiveLUT.FastApplyOnOpaque:1 ; Always have FastSkyLUT 1 in this case to avoid wrong sky]]
[2023.03.01-12.15.13:335][  0]LogConfig: Setting CVar [[r.SkyAtmosphere.AerialPerspectiveLUT.SampleCountMaxPerSlice:4]]
[2023.03.01-12.15.13:335][  0]LogConfig: Setting CVar [[r.SkyAtmosphere.AerialPerspectiveLUT.DepthResolution:16.0]]
[2023.03.01-12.15.13:335][  0]LogConfig: Setting CVar [[r.SkyAtmosphere.FastSkyLUT:1]]
[2023.03.01-12.15.13:335][  0]LogConfig: Setting CVar [[r.SkyAtmosphere.FastSkyLUT.SampleCountMin:4.0]]
[2023.03.01-12.15.13:335][  0]LogConfig: Setting CVar [[r.SkyAtmosphere.FastSkyLUT.SampleCountMax:128.0]]
[2023.03.01-12.15.13:335][  0]LogConfig: Setting CVar [[r.SkyAtmosphere.SampleCountMin:4.0]]
[2023.03.01-12.15.13:335][  0]LogConfig: Setting CVar [[r.SkyAtmosphere.SampleCountMax:128.0]]
[2023.03.01-12.15.13:335][  0]LogConfig: Setting CVar [[r.SkyAtmosphere.TransmittanceLUT.UseSmallFormat:0]]
[2023.03.01-12.15.13:335][  0]LogConfig: Setting CVar [[r.SkyAtmosphere.TransmittanceLUT.SampleCount:10.0]]
[2023.03.01-12.15.13:335][  0]LogConfig: Setting CVar [[r.SkyAtmosphere.MultiScatteringLUT.SampleCount:15.0]]
[2023.03.01-12.15.13:336][  0]LogConfig: Setting CVar [[r.SkyLight.RealTimeReflectionCapture:1]]
[2023.03.01-12.15.13:336][  0]LogConfig: Applying CVar settings from Section [FoliageQuality@3] File [D:/unreal projects/vectors3d/Saved/Config/Windows/Scalability.ini]
[2023.03.01-12.15.13:336][  0]LogConfig: Setting CVar [[foliage.DensityScale:1.0]]
[2023.03.01-12.15.13:336][  0]LogConfig: Setting CVar [[grass.DensityScale:1.0]]
[2023.03.01-12.15.13:336][  0]LogConfig: Applying CVar settings from Section [ShadingQuality@3] File [D:/unreal projects/vectors3d/Saved/Config/Windows/Scalability.ini]
[2023.03.01-12.15.13:336][  0]LogConfig: Setting CVar [[r.HairStrands.SkyLighting.IntegrationType:2]]
[2023.03.01-12.15.13:336][  0]LogConfig: Setting CVar [[r.HairStrands.SkyAO.SampleCount:4]]
[2023.03.01-12.15.13:336][  0]LogConfig: Setting CVar [[r.HairStrands.Visibility.MSAA.SamplePerPixel:4]]
[2023.03.01-12.15.13:336][  0]LogInit: Selected Device Profile: [Windows]
[2023.03.01-12.15.13:336][  0]LogInit: Applying CVar settings loaded from the selected device profile: [Windows]
[2023.03.01-12.15.13:336][  0]LogHAL: Display: Platform has ~ 16 GB [17137684480 / 17179869184 / 16], which maps to Larger [LargestMinGB=32, LargerMinGB=12, DefaultMinGB=8, SmallerMinGB=6, SmallestMinGB=0)
[2023.03.01-12.15.13:336][  0]LogInit: Going up to parent DeviceProfile []
[2023.03.01-12.15.13:336][  0]LogConfig: Applying CVar settings from Section [ViewDistanceQuality@3] File [D:/unreal projects/vectors3d/Saved/Config/Windows/Scalability.ini]
[2023.03.01-12.15.13:336][  0]LogConfig: Setting CVar [[r.SkeletalMeshLODBias:0]]
[2023.03.01-12.15.13:336][  0]LogConfig: Setting CVar [[r.ViewDistanceScale:1.0]]
[2023.03.01-12.15.13:336][  0]LogConfig: Applying CVar settings from Section [AntiAliasingQuality@3] File [D:/unreal projects/vectors3d/Saved/Config/Windows/Scalability.ini]
[2023.03.01-12.15.13:336][  0]LogConfig: Setting CVar [[r.PostProcessAAQuality:4]]
[2023.03.01-12.15.13:336][  0]LogConfig: Applying CVar settings from Section [ShadowQuality@3] File [D:/unreal projects/vectors3d/Saved/Config/Windows/Scalability.ini]
[2023.03.01-12.15.13:336][  0]LogConfig: Setting CVar [[r.LightFunctionQuality:1]]
[2023.03.01-12.15.13:336][  0]LogConfig: Setting CVar [[r.ShadowQuality:5]]
[2023.03.01-12.15.13:336][  0]LogConfig: Setting CVar [[r.Shadow.CSM.MaxCascades:10]]
[2023.03.01-12.15.13:336][  0]LogConfig: Setting CVar [[r.Shadow.MaxResolution:2048]]
[2023.03.01-12.15.13:336][  0]LogConfig: Setting CVar [[r.Shadow.MaxCSMResolution:2048]]
[2023.03.01-12.15.13:336][  0]LogConfig: Setting CVar [[r.Shadow.RadiusThreshold:0.01]]
[2023.03.01-12.15.13:336][  0]LogConfig: Setting CVar [[r.Shadow.DistanceScale:1.0]]
[2023.03.01-12.15.13:336][  0]LogConfig: Setting CVar [[r.Shadow.CSM.TransitionScale:1.0]]
[2023.03.01-12.15.13:336][  0]LogConfig: Setting CVar [[r.Shadow.PreShadowResolutionFactor:1.0]]
[2023.03.01-12.15.13:336][  0]LogConfig: Setting CVar [[r.DistanceFieldShadowing:1]]
[2023.03.01-12.15.13:336][  0]LogConfig: Setting CVar [[r.DistanceFieldAO:1]]
[2023.03.01-12.15.13:336][  0]LogConfig: Setting CVar [[r.AOQuality:2]]
[2023.03.01-12.15.13:336][  0]LogConfig: Setting CVar [[r.VolumetricFog:1]]
[2023.03.01-12.15.13:336][  0]LogConfig: Setting CVar [[r.VolumetricFog.GridPixelSize:8]]
[2023.03.01-12.15.13:336][  0]LogConfig: Setting CVar [[r.VolumetricFog.GridSizeZ:128]]
[2023.03.01-12.15.13:336][  0]LogConfig: Setting CVar [[r.VolumetricFog.HistoryMissSupersampleCount:4]]
[2023.03.01-12.15.13:336][  0]LogConfig: Setting CVar [[r.LightMaxDrawDistanceScale:1]]
[2023.03.01-12.15.13:336][  0]LogConfig: Setting CVar [[r.CapsuleShadows:1]]
[2023.03.01-12.15.13:336][  0]LogConfig: Applying CVar settings from Section [PostProcessQuality@3] File [D:/unreal projects/vectors3d/Saved/Config/Windows/Scalability.ini]
[2023.03.01-12.15.13:336][  0]LogConfig: Setting CVar [[r.MotionBlurQuality:4]]
[2023.03.01-12.15.13:336][  0]LogConfig: Setting CVar [[r.AmbientOcclusionMipLevelFactor:0.4]]
[2023.03.01-12.15.13:336][  0]LogConfig: Setting CVar [[r.AmbientOcclusionMaxQuality:100]]
[2023.03.01-12.15.13:336][  0]LogConfig: Setting CVar [[r.AmbientOcclusionLevels:-1]]
[2023.03.01-12.15.13:336][  0]LogConfig: Setting CVar [[r.AmbientOcclusionRadiusScale:1.0]]
[2023.03.01-12.15.13:336][  0]LogConfig: Setting CVar [[r.DepthOfFieldQuality:2]]
[2023.03.01-12.15.13:336][  0]LogConfig: Setting CVar [[r.RenderTargetPoolMin:400]]
[2023.03.01-12.15.13:336][  0]LogConfig: Setting CVar [[r.LensFlareQuality:2]]
[2023.03.01-12.15.13:336][  0]LogConfig: Setting CVar [[r.SceneColorFringeQuality:1]]
[2023.03.01-12.15.13:336][  0]LogConfig: Setting CVar [[r.EyeAdaptationQuality:2]]
[2023.03.01-12.15.13:336][  0]LogConfig: Setting CVar [[r.BloomQuality:5]]
[2023.03.01-12.15.13:336][  0]LogConfig: Setting CVar [[r.FastBlurThreshold:100]]
[2023.03.01-12.15.13:336][  0]LogConfig: Setting CVar [[r.Upscale.Quality:3]]
[2023.03.01-12.15.13:336][  0]LogConfig: Setting CVar [[r.Tonemapper.GrainQuantization:1]]
[2023.03.01-12.15.13:336][  0]LogConfig: Setting CVar [[r.LightShaftQuality:1]]
[2023.03.01-12.15.13:336][  0]LogConfig: Setting CVar [[r.Filter.SizeScale:1]]
[2023.03.01-12.15.13:336][  0]LogConfig: Setting CVar [[r.Tonemapper.Quality:5]]
[2023.03.01-12.15.13:336][  0]LogConfig: Setting CVar [[r.DOF.Gather.AccumulatorQuality:1        ; higher gathering accumulator quality]]
[2023.03.01-12.15.13:336][  0]LogConfig: Setting CVar [[r.DOF.Gather.PostfilterMethod:1          ; Median3x3 postfilering method]]
[2023.03.01-12.15.13:336][  0]LogConfig: Setting CVar [[r.DOF.Gather.EnableBokehSettings:0       ; no bokeh simulation when gathering]]
[2023.03.01-12.15.13:336][  0]LogConfig: Setting CVar [[r.DOF.Gather.RingCount:4                 ; medium number of samples when gathering]]
[2023.03.01-12.15.13:336][  0]LogConfig: Setting CVar [[r.DOF.Scatter.ForegroundCompositing:1    ; additive foreground scattering]]
[2023.03.01-12.15.13:336][  0]LogConfig: Setting CVar [[r.DOF.Scatter.BackgroundCompositing:2    ; additive background scattering]]
[2023.03.01-12.15.13:336][  0]LogConfig: Setting CVar [[r.DOF.Scatter.EnableBokehSettings:1      ; bokeh simulation when scattering]]
[2023.03.01-12.15.13:336][  0]LogConfig: Setting CVar [[r.DOF.Scatter.MaxSpriteRatio:0.1         ; only a maximum of 10% of scattered bokeh]]
[2023.03.01-12.15.13:336][  0]LogConfig: Setting CVar [[r.DOF.Recombine.Quality:1                ; cheap slight out of focus]]
[2023.03.01-12.15.13:336][  0]LogConfig: Setting CVar [[r.DOF.Recombine.EnableBokehSettings:0    ; no bokeh simulation on slight out of focus]]
[2023.03.01-12.15.13:337][  0]LogConfig: Setting CVar [[r.DOF.TemporalAAQuality:1                ; more stable temporal accumulation]]
[2023.03.01-12.15.13:337][  0]LogConfig: Setting CVar [[r.DOF.Kernel.MaxForegroundRadius:0.025]]
[2023.03.01-12.15.13:337][  0]LogConfig: Setting CVar [[r.DOF.Kernel.MaxBackgroundRadius:0.025]]
[2023.03.01-12.15.13:337][  0]LogConfig: Applying CVar settings from Section [TextureQuality@3] File [D:/unreal projects/vectors3d/Saved/Config/Windows/Scalability.ini]
[2023.03.01-12.15.13:337][  0]LogConfig: Setting CVar [[r.Streaming.MipBias:0]]
[2023.03.01-12.15.13:337][  0]LogConfig: Setting CVar [[r.Streaming.AmortizeCPUToGPUCopy:0]]
[2023.03.01-12.15.13:337][  0]LogConfig: Setting CVar [[r.Streaming.MaxNumTexturesToStreamPerFrame:0]]
[2023.03.01-12.15.13:337][  0]LogConfig: Setting CVar [[r.Streaming.Boost:1]]
[2023.03.01-12.15.13:337][  0]LogConfig: Setting CVar [[r.MaxAnisotropy:8]]
[2023.03.01-12.15.13:337][  0]LogConfig: Setting CVar [[r.VT.MaxAnisotropy:8]]
[2023.03.01-12.15.13:337][  0]LogConfig: Setting CVar [[r.Streaming.LimitPoolSizeToVRAM:0]]
[2023.03.01-12.15.13:337][  0]LogConfig: Setting CVar [[r.Streaming.PoolSize:1000]]
[2023.03.01-12.15.13:337][  0]LogConfig: Setting CVar [[r.Streaming.MaxEffectiveScreenSize:0]]
[2023.03.01-12.15.13:337][  0]LogConfig: Applying CVar settings from Section [EffectsQuality@3] File [D:/unreal projects/vectors3d/Saved/Config/Windows/Scalability.ini]
[2023.03.01-12.15.13:337][  0]LogConfig: Setting CVar [[r.TranslucencyLightingVolumeDim:64]]
[2023.03.01-12.15.13:337][  0]LogConfig: Setting CVar [[r.RefractionQuality:2]]
[2023.03.01-12.15.13:337][  0]LogConfig: Setting CVar [[r.SSR.Quality:3]]
[2023.03.01-12.15.13:337][  0]LogConfig: Setting CVar [[r.SSR.HalfResSceneColor:0]]
[2023.03.01-12.15.13:337][  0]LogConfig: Setting CVar [[r.SceneColorFormat:4]]
[2023.03.01-12.15.13:337][  0]LogConfig: Setting CVar [[r.DetailMode:2]]
[2023.03.01-12.15.13:337][  0]LogConfig: Setting CVar [[r.TranslucencyVolumeBlur:1]]
[2023.03.01-12.15.13:337][  0]LogConfig: Setting CVar [[r.MaterialQualityLevel:1 ; High quality]]
[2023.03.01-12.15.13:337][  0]LogConfig: Setting CVar [[r.AnisotropicMaterials:1]]
[2023.03.01-12.15.13:337][  0]LogConfig: Setting CVar [[r.SSS.Scale:1]]
[2023.03.01-12.15.13:337][  0]LogConfig: Setting CVar [[r.SSS.SampleSet:2]]
[2023.03.01-12.15.13:337][  0]LogConfig: Setting CVar [[r.SSS.Quality:1]]
[2023.03.01-12.15.13:337][  0]LogConfig: Setting CVar [[r.SSS.HalfRes:0]]
[2023.03.01-12.15.13:337][  0]LogConfig: Setting CVar [[r.SSGI.Quality:3]]
[2023.03.01-12.15.13:337][  0]LogConfig: Setting CVar [[r.EmitterSpawnRateScale:1.0]]
[2023.03.01-12.15.13:337][  0]LogConfig: Setting CVar [[r.ParticleLightQuality:2]]
[2023.03.01-12.15.13:337][  0]LogConfig: Setting CVar [[r.SkyAtmosphere.AerialPerspectiveLUT.FastApplyOnOpaque:1 ; Always have FastSkyLUT 1 in this case to avoid wrong sky]]
[2023.03.01-12.15.13:337][  0]LogConfig: Setting CVar [[r.SkyAtmosphere.AerialPerspectiveLUT.SampleCountMaxPerSlice:4]]
[2023.03.01-12.15.13:337][  0]LogConfig: Setting CVar [[r.SkyAtmosphere.AerialPerspectiveLUT.DepthResolution:16.0]]
[2023.03.01-12.15.13:337][  0]LogConfig: Setting CVar [[r.SkyAtmosphere.FastSkyLUT:1]]
[2023.03.01-12.15.13:337][  0]LogConfig: Setting CVar [[r.SkyAtmosphere.FastSkyLUT.SampleCountMin:4.0]]
[2023.03.01-12.15.13:337][  0]LogConfig: Setting CVar [[r.SkyAtmosphere.FastSkyLUT.SampleCountMax:128.0]]
[2023.03.01-12.15.13:337][  0]LogConfig: Setting CVar [[r.SkyAtmosphere.SampleCountMin:4.0]]
[2023.03.01-12.15.13:337][  0]LogConfig: Setting CVar [[r.SkyAtmosphere.SampleCountMax:128.0]]
[2023.03.01-12.15.13:337][  0]LogConfig: Setting CVar [[r.SkyAtmosphere.TransmittanceLUT.UseSmallFormat:0]]
[2023.03.01-12.15.13:337][  0]LogConfig: Setting CVar [[r.SkyAtmosphere.TransmittanceLUT.SampleCount:10.0]]
[2023.03.01-12.15.13:337][  0]LogConfig: Setting CVar [[r.SkyAtmosphere.MultiScatteringLUT.SampleCount:15.0]]
[2023.03.01-12.15.13:337][  0]LogConfig: Setting CVar [[r.SkyLight.RealTimeReflectionCapture:1]]
[2023.03.01-12.15.13:337][  0]LogConfig: Applying CVar settings from Section [FoliageQuality@3] File [D:/unreal projects/vectors3d/Saved/Config/Windows/Scalability.ini]
[2023.03.01-12.15.13:337][  0]LogConfig: Setting CVar [[foliage.DensityScale:1.0]]
[2023.03.01-12.15.13:337][  0]LogConfig: Setting CVar [[grass.DensityScale:1.0]]
[2023.03.01-12.15.13:337][  0]LogConfig: Applying CVar settings from Section [ShadingQuality@3] File [D:/unreal projects/vectors3d/Saved/Config/Windows/Scalability.ini]
[2023.03.01-12.15.13:337][  0]LogConfig: Setting CVar [[r.HairStrands.SkyLighting.IntegrationType:2]]
[2023.03.01-12.15.13:337][  0]LogConfig: Setting CVar [[r.HairStrands.SkyAO.SampleCount:4]]
[2023.03.01-12.15.13:337][  0]LogConfig: Setting CVar [[r.HairStrands.Visibility.MSAA.SamplePerPixel:4]]
[2023.03.01-12.15.13:337][  0]LogConfig: Applying CVar settings from Section [Startup] File [../../../Engine/Config/ConsoleVariables.ini]
[2023.03.01-12.15.13:338][  0]LogConfig: Setting CVar [[net.UseAdaptiveNetUpdateFrequency:0]]
[2023.03.01-12.15.13:338][  0]LogConfig: Setting CVar [[p.chaos.AllowCreatePhysxBodies:1]]
[2023.03.01-12.15.13:338][  0]LogConfig: Setting CVar [[fx.SkipVectorVMBackendOptimizations:1]]
[2023.03.01-12.15.13:338][  0]LogConfig: Applying CVar settings from Section [ConsoleVariables] File [D:/unreal projects/vectors3d/Saved/Config/Windows/Engine.ini]
[2023.03.01-12.15.13:338][  0]LogConfig: Applying CVar settings from Section [ConsoleVariables] File [D:/unreal projects/vectors3d/Saved/Config/Windows/Editor.ini]
[2023.03.01-12.15.13:338][  0]LogInit: Computer: PP-IN-029
[2023.03.01-12.15.13:338][  0]LogInit: User: PraveenPathak
[2023.03.01-12.15.13:338][  0]LogInit: CPU Page size=4096, Cores=4
[2023.03.01-12.15.13:338][  0]LogInit: High frequency timer resolution =10.000000 MHz
[2023.03.01-12.15.13:338][  0]LogMemory: Memory total: Physical=16.0GB (16GB approx)
[2023.03.01-12.15.13:338][  0]LogMemory: Platform Memory Stats for Windows
[2023.03.01-12.15.13:338][  0]LogMemory: Process Physical Memory: 141.19 MB used, 141.19 MB peak
[2023.03.01-12.15.13:338][  0]LogMemory: Process Virtual Memory: 114.28 MB used, 114.28 MB peak
[2023.03.01-12.15.13:338][  0]LogMemory: Physical Memory: 6276.20 MB used,  10067.57 MB free, 16343.77 MB total
[2023.03.01-12.15.13:338][  0]LogMemory: Virtual Memory: 134202536.00 MB used,  15191.12 MB free, 134217728.00 MB total
[2023.03.01-12.15.13:343][  0]LogWindows: WindowsPlatformFeatures enabled
[2023.03.01-12.15.13:365][  0]LogInit: Physics initialised using underlying interface: PhysX
[2023.03.01-12.15.13:365][  0]LogInit: Using OS detected language (en-GB).
[2023.03.01-12.15.13:365][  0]LogInit: Using OS detected locale (en-IN).
[2023.03.01-12.15.13:368][  0]LogTextLocalizationManager: No specific localization for 'en-GB' exists, so the 'en' localization will be used.
[2023.03.01-12.15.13:627][  0]LogWindowsTextInputMethodSystem: Display: IME system deactivated.
[2023.03.01-12.15.13:647][  0]LogSlate: New Slate User Created.  User Index 0, Is Virtual User: 0
[2023.03.01-12.15.13:647][  0]LogSlate: Slate User Registered.  User Index 0, Is Virtual User: 0
[2023.03.01-12.15.13:660][  0]LogD3D11RHI: Loaded GFSDK_Aftermath_Lib.x64.dll
[2023.03.01-12.15.13:662][  0]LogHMD: Failed to initialize OpenVR with code 110
[2023.03.01-12.15.13:663][  0]LogD3D11RHI: D3D11 min allowed feature level: 11_0
[2023.03.01-12.15.13:663][  0]LogD3D11RHI: D3D11 max allowed feature level: 11_0
[2023.03.01-12.15.13:663][  0]LogD3D11RHI: D3D11 adapters:
[2023.03.01-12.15.13:752][  0]LogD3D11RHI:    0. 'NVIDIA GeForce GTX 1050 Ti' (Feature Level 11_0)
[2023.03.01-12.15.13:752][  0]LogD3D11RHI:       4018/0/8171 MB DedicatedVideo/DedicatedSystem/SharedSystem, Outputs:1, VendorId:0x10de
[2023.03.01-12.15.13:754][  0]LogD3D11RHI:    1. 'Microsoft Basic Render Driver' (Feature Level 11_0)
[2023.03.01-12.15.13:754][  0]LogD3D11RHI:       0/0/8171 MB DedicatedVideo/DedicatedSystem/SharedSystem, Outputs:0, VendorId:0x1414
[2023.03.01-12.15.13:754][  0]LogD3D11RHI: Chosen D3D11 Adapter:
[2023.03.01-12.15.13:754][  0]LogD3D11RHI:     Description : NVIDIA GeForce GTX 1050 Ti
[2023.03.01-12.15.13:754][  0]LogD3D11RHI:     VendorId    : 10de
[2023.03.01-12.15.13:754][  0]LogD3D11RHI:     DeviceId    : 1c82
[2023.03.01-12.15.13:754][  0]LogD3D11RHI:     SubSysId    : a45419da
[2023.03.01-12.15.13:754][  0]LogD3D11RHI:     Revision    : 00a1
[2023.03.01-12.15.13:754][  0]LogD3D11RHI:     DedicatedVideoMemory : 4213178368 bytes
[2023.03.01-12.15.13:754][  0]LogD3D11RHI:     DedicatedSystemMemory : 0 bytes
[2023.03.01-12.15.13:754][  0]LogD3D11RHI:     SharedSystemMemory : 8568842240 bytes
[2023.03.01-12.15.13:754][  0]LogD3D11RHI:     AdapterLuid : 0 48338
[2023.03.01-12.15.13:759][  0]LogD3D11RHI: Creating new Direct3DDevice
[2023.03.01-12.15.13:759][  0]LogD3D11RHI:     GPU DeviceId: 0x1c82 (for the marketing name, search the web for "GPU Device Id")
[2023.03.01-12.15.13:759][  0]LogWindows: EnumDisplayDevices:
[2023.03.01-12.15.13:759][  0]LogWindows:    0. 'NVIDIA GeForce GTX 1050 Ti' (P:1 D:1)
[2023.03.01-12.15.13:760][  0]LogWindows:    1. 'NVIDIA GeForce GTX 1050 Ti' (P:0 D:0)
[2023.03.01-12.15.13:760][  0]LogWindows:    2. 'NVIDIA GeForce GTX 1050 Ti' (P:0 D:0)
[2023.03.01-12.15.13:760][  0]LogWindows:    3. 'NVIDIA GeForce GTX 1050 Ti' (P:0 D:0)
[2023.03.01-12.15.13:760][  0]LogWindows: DebugString: FoundDriverCount:4 
[2023.03.01-12.15.13:760][  0]LogD3D11RHI:     Adapter Name: NVIDIA GeForce GTX 1050 Ti
[2023.03.01-12.15.13:760][  0]LogD3D11RHI:   Driver Version: 516.94 (internal:31.0.15.1694, unified:516.94)
[2023.03.01-12.15.13:760][  0]LogD3D11RHI:      Driver Date: 7-21-2022
[2023.03.01-12.15.13:760][  0]LogRHI: Texture pool is 2812 MB (70% of 4018 MB)
[2023.03.01-12.15.13:760][  0]LogD3D11RHI: Creating D3DDevice using adapter:
[2023.03.01-12.15.13:760][  0]LogD3D11RHI:     Description : NVIDIA GeForce GTX 1050 Ti
[2023.03.01-12.15.13:760][  0]LogD3D11RHI:     VendorId    : 10de
[2023.03.01-12.15.13:760][  0]LogD3D11RHI:     DeviceId    : 1c82
[2023.03.01-12.15.13:760][  0]LogD3D11RHI:     SubSysId    : a45419da
[2023.03.01-12.15.13:760][  0]LogD3D11RHI:     Revision    : 00a1
[2023.03.01-12.15.13:760][  0]LogD3D11RHI:     DedicatedVideoMemory : 4213178368 bytes
[2023.03.01-12.15.13:760][  0]LogD3D11RHI:     DedicatedSystemMemory : 0 bytes
[2023.03.01-12.15.13:760][  0]LogD3D11RHI:     SharedSystemMemory : 8568842240 bytes
[2023.03.01-12.15.13:760][  0]LogD3D11RHI:     AdapterLuid : 0 48338
[2023.03.01-12.15.13:826][  0]LogD3D11RHI: RHI has support for 64 bit atomics
[2023.03.01-12.15.13:826][  0]LogD3D11RHI: Async texture creation enabled
[2023.03.01-12.15.13:826][  0]LogD3D11RHI: Array index from any shader is supported
[2023.03.01-12.15.13:843][  0]LogD3D11RHI: GPU Timing Frequency: 1000.000000 (Debug: 2 1)
[2023.03.01-12.15.13:879][  0]LogRHI: GeForceNow SDK initialized: 1
[2023.03.01-12.15.14:144][  0]LogTargetPlatformManager: Display: Loaded TargetPlatform 'WindowsNoEditor'
[2023.03.01-12.15.14:148][  0]LogTargetPlatformManager: Display: Loaded TargetPlatform 'Windows'
[2023.03.01-12.15.14:152][  0]LogTargetPlatformManager: Display: Loaded TargetPlatform 'WindowsClient'
[2023.03.01-12.15.14:156][  0]LogTargetPlatformManager: Display: Loaded TargetPlatform 'WindowsServer'
[2023.03.01-12.15.14:156][  0]LogTargetPlatformManager: Display: Building Assets For Windows
[2023.03.01-12.15.14:162][  0]LogAudioDebug: Display: Lib vorbis DLL was dynamically loaded.
[2023.03.01-12.15.14:189][  0]LogTextureFormatOodle: Display: Oodle Texture 2.9.0 init RDO Off
[2023.03.01-12.15.14:216][  0]LogRendererCore: Ray tracing is disabled. Reason: r.RayTracing=0.
[2023.03.01-12.15.14:216][  0]LogShaderCompilers: Guid format shader working directory is 26 characters bigger than the processId version (D:/unreal projects/vectors3d/Intermediate/Shaders/WorkingDirectory/17096/).
[2023.03.01-12.15.14:216][  0]LogShaderCompilers: Cleaned the shader compiler working directory 'C:/Users/Praveen Pathak/AppData/Local/Temp/UnrealShaderWorkingDir/6D2993FD4E2ACABA488044ACD955D360/'.
[2023.03.01-12.15.14:216][  0]LogXGEController: Cannot use XGE Controller as Incredibuild is not installed on this machine.
[2023.03.01-12.15.14:216][  0]LogShaderCompilers: Cannot use XGE Shader Compiler as Incredibuild is not installed on this machine.
[2023.03.01-12.15.14:216][  0]LogShaderCompilers: Display: Using Local Shader Compiler.
[2023.03.01-12.15.14:902][  0]LogDerivedDataCache: Display: Max Cache Size: 512 MB
[2023.03.01-12.15.14:974][  0]LogDerivedDataCache: Loaded boot cache 0.07s 103MB C:/Users/Praveen Pathak/AppData/Local/UnrealEngine/4.27/DerivedDataCache/Boot.ddc.
[2023.03.01-12.15.14:975][  0]LogDerivedDataCache: Display: Loaded Boot cache: C:/Users/Praveen Pathak/AppData/Local/UnrealEngine/4.27/DerivedDataCache/Boot.ddc
[2023.03.01-12.15.14:975][  0]LogDerivedDataCache: FDerivedDataBackendGraph:  Pak pak cache file D:/unreal projects/vectors3d/DerivedDataCache/DDC.ddp not found, will not use a pak cache.
[2023.03.01-12.15.14:975][  0]LogDerivedDataCache: Unable to find inner node Pak for hierarchical cache Hierarchy.
[2023.03.01-12.15.14:975][  0]LogDerivedDataCache: FDerivedDataBackendGraph:  CompressedPak pak cache file D:/unreal projects/vectors3d/DerivedDataCache/Compressed.ddp not found, will not use a pak cache.
[2023.03.01-12.15.14:975][  0]LogDerivedDataCache: Unable to find inner node CompressedPak for hierarchical cache Hierarchy.
[2023.03.01-12.15.14:990][  0]LogDerivedDataCache: Display: Pak cache opened for reading ../../../Engine/DerivedDataCache/Compressed.ddp.
[2023.03.01-12.15.14:990][  0]LogDerivedDataCache: FDerivedDataBackendGraph:  EnterprisePak pak cache file ../../../Enterprise/DerivedDataCache/Compressed.ddp not found, will not use a pak cache.
[2023.03.01-12.15.14:990][  0]LogDerivedDataCache: Unable to find inner node EnterprisePak for hierarchical cache Hierarchy.
[2023.03.01-12.15.15:000][  0]LogDerivedDataCache: Speed tests for C:/Users/Praveen Pathak/AppData/Local/UnrealEngine/Common/DerivedDataCache took 0.01 seconds
[2023.03.01-12.15.15:000][  0]LogDerivedDataCache: Display: Performance to C:/Users/Praveen Pathak/AppData/Local/UnrealEngine/Common/DerivedDataCache: Latency=0.02ms. RandomReadSpeed=214.04MBs, RandomWriteSpeed=170.68MBs. Assigned SpeedClass 'Local'
[2023.03.01-12.15.15:001][  0]LogDerivedDataCache: Using Local data cache path C:/Users/Praveen Pathak/AppData/Local/UnrealEngine/Common/DerivedDataCache: Writable
[2023.03.01-12.15.15:001][  0]LogDerivedDataCache: Shared data cache path not found in *engine.ini, will not use an Shared cache.
[2023.03.01-12.15.15:001][  0]LogDerivedDataCache: Unable to find inner node Shared for hierarchical cache Hierarchy.
[2023.03.01-12.15.15:036][  0]LogSlate: Using FreeType 2.10.0
[2023.03.01-12.15.15:036][  0]LogSlate: SlateFontServices - WITH_FREETYPE: 1, WITH_HARFBUZZ: 1
[2023.03.01-12.15.15:115][  0]LogInit: Using OS detected language (en-GB).
[2023.03.01-12.15.15:115][  0]LogInit: Using OS detected locale (en-IN).
[2023.03.01-12.15.15:115][  0]LogTextLocalizationManager: No localization for 'en-GB' exists, so 'en' will be used for the language.
[2023.03.01-12.15.15:115][  0]LogTextLocalizationManager: No localization for 'en-IN' exists, so 'en' will be used for the locale.
[2023.03.01-12.15.15:115][  0]LogSlate: FontCache flush requested. Reason: Culture for localization was changed
[2023.03.01-12.15.15:115][  0]LogSlate: FontCache flush requested. Reason: Culture for localization was changed
[2023.03.01-12.15.15:119][  0]LogTextLocalizationManager: Compacting localization data took   0.00ms
[2023.03.01-12.15.15:119][  0]LogAssetRegistry: FAssetRegistry took 0.0019 seconds to start up
[2023.03.01-12.15.15:265][  0]LogPackageLocalizationCache: Processed 27 localized package path(s) for 1 prioritized culture(s) in 0.001623 seconds
[2023.03.01-12.15.15:319][  0]LogInit: Selected Device Profile: [Windows]
[2023.03.01-12.15.15:320][  0]LogInit: Active device profile: [000001823BB86C00][00000182360F5080 49] Windows
[2023.03.01-12.15.15:320][  0]LogInit: Profiles: [000001823BB86C00][00000182360F5080 49] Windows, [0000018241319E00][00000182360FD200 49] WindowsNoEditor, [000001823BB85500][00000182360F9340 49] WindowsServer, [0000018241318100][00000182393BD480 49] WindowsClient, [00000182412FFF00][00000182393C15C0 49] IOS, [0000018241318500][00000182393C5700 49] iPadAir, [00000182412FC300][00000182393CD880 49] iPadAir2, [00000182412C9200][00000182393D5B40 49] IPadPro, [00000182412C9300][00000182393D1B80 49] iPadAir3, [00000182412FC100][00000182393D8180 49] iPadAir4, [00000182412C8300][00000182393DC300 49] iPadMini2, [00000182412FDB00][00000182393E0480 49] iPadMini3, [00000182412C9600][00000182393E4600 49] iPadMini4, [00000182412FFA00][00000182393E8780 49] iPadMini5, [0000018241319700][00000182393F0A40 49] iPhone6, [0000018241319800][00000182393ECA80 49] iPodTouch6, [00000182412CBF00][0000018235EA0D40 49] iPhone7, [00000182412CBB00][0000018235E9CD80 49] iPodTouch7, [0000018241318F00][0000018235EA4F00 49] iPhone5S, [00000182412C8C00][0000018235EA9080 49] iPhone6Plus, [0000018241318800][0000018235EAD200 49] iPhone6S, [00000182412CB700][0000018235EB1380 49] iPhone6SPlus, [0000018241319300][00000182393C94C0 49] iPhone7Plus, [00000182412CB600][0000018235EB5600 49] iPhoneSE, [000001824131B400][0000018235EB9740 49] iPhone8, [00000182412C8800][0000018235EBD880 49] iPhone8Plus, [000001824131BA00][0000018235EC5A00 49] iPhoneX, [00000182412C9E00][0000018235EC9B80 49] iPhoneXS, [000001824131A100][0000018235ECC180 49] iPhoneXSMax, [00000182412CB000][0000018235ED0300 49] iPhoneXR, [000001824131BB00][0000018235ED4480 49] iPhone11, [00000182412CA100][0000018235ED8600 49] iPhone11Pro, [000001824131A600][0000018235EDC780 49] iPhone11ProMax, [00000182412CAB00][0000018235EE0900 49] iPhoneSE2, [000001824131AC00][0000018235EE4A80 49] iPhone12Mini, [00000182412C8A00][000001823A5B2C00 49] iPhone12, [0000018241319900][000001823A5B6D80 49] iPhone12Pro, [00000182412CBC00][000001823A5BAF00 49] iPhone12ProMax, [0000018241319100][000001823A5BF080 49] iPadPro105, [00000182412C8200][000001823A5C3200 49] iPadPro129, [0000018241318A00][000001823A5C7380 49] iPadPro97, [00000182412CA600][000001823A5CB500 49] iPadPro2_129, [0000018241319B00][000001823A5CF680 49] iPad5, [00000182412C9C00][0000018235EC17C0 49] iPad6, [000001824131B100][000001823A5D3900 49] iPad7, [00000182412CB100][000001823A5D7A40 49] iPad8, [000001824131BC00][000001823A5DFBC0 49] iPadPro11, [00000182412CA400][000001823A5E21C0 49] iPadPro2_11, [000001824131BD00][000001823A5E6340 49] iPadPro3_129, [00000182412C9800][000001823A5EA4C0 49] iPadPro4_129, [0000018241319600][000001823A5EE640 49] AppleTV, [00000182412CB500][000001823A5F27C0 49] AppleTV4K, [000001824131BF00][000001823A5F6940 49] TVOS, [00000182412C9F00][000001823A5FAAC0 49] Mac, [0000018241319C00][000001823A5FEC40 49] MacClient, [00000182412CAE00][000001823A602DC0 49] MacNoEditor, [000001824131B300][000001823A606F40 49] MacServer, [00000182412C9700][000001823A60B0C0 49] Linux, [000001824131B700][000001823A60F240 49] LinuxAArch64, [00000182412C8D00][000001823A6133C0 49] LinuxNoEditor, [000001824131A500][000001823A617540 49] LinuxAArch64NoEditor, [00000182412CB400][000001823A61B6C0 49] LinuxClient, [0000018241318D00][000001823A61F840 49] LinuxAArch64Client, [00000182412C8600][000001823A5DB980 49] LinuxServer, [000001824131A200][000001823A623AC0 49] LinuxAArch64Server, [00000182412C8F00][000001823A627C00 49] Android, [000001824131AB00][000001823A62A1C0 49] Android_Low, [00000182412C8500][000001823A632340 49] Android_Mid, [0000018241318300][000001823A6364C0 49] Android_High, [00000182412CA800][000001823A63A640 49] Android_Default, [00000182412FC800][000001823A63E7C0 49] Android_Adreno4xx, [000001823BB84200][000001823A642940 49] Android_Adreno5xx_Low, [00000182412FC700][000001823A646AC0 49] Android_Adreno5xx, [000001823BB84A00][000001823A64AC40 49] Android_Adreno6xx, [00000182412FFD00][000001823A64EDC0 49] Android_Adreno6xx_Vulkan, [000001823BB86800][000001823A652F40 49] Android_Mali_T6xx, [00000182412FEC00][000001823A6570C0 49] Android_Mali_T7xx, [000001823BB86200][000001823A65B240 49] Android_Mali_T8xx, [00000182412FC200][000001823A65F3C0 49] Android_Mali_G71, [000001823BB86400][000001823A663540 49] Android_Mali_G72, [00000182412FE900][000001823A6676C0 49] Android_Mali_G72_Vulkan, [000001823BB84600][000001823A66B840 49] Android_Mali_G76, [00000182412FD200][000001823A66F9C0 49] Android_Mali_G76_Vulkan, [000001823BB85900][000001823A62FB00 49] Android_Mali_G77, [00000182412FF800][000001823A6720C0 49] Android_Mali_G77_Vulkan, [000001823BB84E00][000001823A676200 49] Android_Mali_G78, [00000182412FD300][000001823A67A340 49] Android_Mali_G78_Vulkan, [000001823BB86000][000001823A6824C0 49] Android_Mali_G710, [00000182412FCA00][000001823A686640 49] Android_Mali_G710_Vulkan, [000001823BB86900][000001823A68A7C0 49] Android_Vulkan_SM5, [00000182412FF600][000001823A68E940 49] Android_PowerVR_G6xxx, [000001823BB84F00][000001823A692AC0 49] Android_PowerVR_GT7xxx, [00000182412FD100][000001823A696C40 49] Android_PowerVR_GE8xxx, [000001823BB86E00][000001823A69ADC0 49] Android_PowerVR_GM9xxx, [00000182412FDA00][000001823A69EF40 49] Android_PowerVR_GM9xxx_Vulkan, [000001823BB85A00][000001823A6A30C0 49] Android_TegraK1, [00000182412C8E00][000001823A6A7240 49] Android_Unknown_Vulkan, [000001823BB85E00][000001823A6AB3C0 49] Lumin, [00000182412C9100][000001823A6AF540 49] Lumin_Desktop, [000001823BB85600][000001823A6B36C0 49] HoloLens, 
[2023.03.01-12.15.15:353][  0]LogMeshReduction: Using QuadricMeshReduction for automatic static mesh reduction
[2023.03.01-12.15.15:353][  0]LogMeshReduction: Using SimplygonMeshReduction for automatic skeletal mesh reduction
[2023.03.01-12.15.15:353][  0]LogMeshReduction: Using ProxyLODMeshReduction for automatic mesh merging
[2023.03.01-12.15.15:353][  0]LogMeshReduction: No distributed automatic mesh merging module available
[2023.03.01-12.15.15:353][  0]LogMeshMerging: No distributed automatic mesh merging module available
[2023.03.01-12.15.15:444][  0]LogNetVersion: vectors3d 1.0.0, NetCL: 17155196, EngineNetVer: 17, GameNetVer: 0 (Checksum: 2257442320)
[2023.03.01-12.15.15:652][  0]LogTexture: Default maximum texture size for cubemaps generated from long-lat sources has been changed from 512 to unlimited. In order to preserve old behaiour for '/Engine/MapTemplates/Sky/DaylightAmbientCubemap.DaylightAmbientCubemap', its maximum texture size has been explicitly set to 512.
[2023.03.01-12.15.15:711][  0]LogHMD: PokeAHoleMaterial loaded successfully
[2023.03.01-12.15.15:795][  0]LogMoviePlayer: Initializing movie player
[2023.03.01-12.15.15:893][  0]LogNiagaraDebuggerClient: Niagara Debugger Client Initialized | Session: 7220034B47ACDB7B96F76B99107B95F4 | Instance: 821B40414EF2724AECE97DA6D6072343 (PP-IN-029-17096).
[2023.03.01-12.15.15:910][  0]LogCollectionManager: Loaded 0 collections in 0.001664 seconds
[2023.03.01-12.15.15:912][  0]LogFileCache: Scanning file cache for directory 'D:/unreal projects/vectors3d/Saved/Collections/' took 0.00s
[2023.03.01-12.15.15:912][  0]LogFileCache: Scanning file cache for directory 'D:/unreal projects/vectors3d/Content/Developers/PraveenPathak/Collections/' took 0.00s
[2023.03.01-12.15.15:912][  0]LogFileCache: Scanning file cache for directory 'D:/unreal projects/vectors3d/Content/Collections/' took 0.00s
[2023.03.01-12.15.15:912][  0]LogCollectionManager: Fixed up redirectors for 0 collections in 0.000002 seconds (updated 0 objects)
[2023.03.01-12.15.15:927][  0]LogPython: Using Python 3.7.7
[2023.03.01-12.15.16:403][  0]LogTcpMessaging: Initializing TcpMessaging bridge
[2023.03.01-12.15.16:407][  0]LogUdpMessaging: Initializing bridge on interface 0.0.0.0:0 to multicast group 230.0.0.1:6666.
[2023.03.01-12.15.16:616][  0]SourceControl: Source control is disabled
[2023.03.01-12.15.16:616][  0]SourceControl: Source control is disabled
[2023.03.01-12.15.16:618][  0]SourceControl: Source control is disabled
[2023.03.01-12.15.16:623][  0]LogUProjectInfo: Found projects:
[2023.03.01-12.15.16:687][  0]LogOpenImageDenoise: OIDN starting up
[2023.03.01-12.15.16:716][  0]LogAndroidPermission: UAndroidPermissionCallbackProxy::GetInstance
[2023.03.01-12.15.16:732][  0]LogAudioCaptureCore: Display: No Audio Capture implementations found. Audio input will be silent.
[2023.03.01-12.15.16:732][  0]LogAudioCaptureCore: Display: No Audio Capture implementations found. Audio input will be silent.
[2023.03.01-12.15.16:789][  0]LogOcInput: OculusInput pre-init called
[2023.03.01-12.15.16:797][  0]LogUObjectArray: 23105 objects as part of root set at end of initial load.
[2023.03.01-12.15.16:797][  0]LogUObjectAllocator: 6400096 out of 0 bytes used by permanent object pool.
[2023.03.01-12.15.16:797][  0]LogUObjectArray: CloseDisregardForGC: 0/0 objects in disregard for GC pool
[2023.03.01-12.15.16:835][  0]LogEngine: Initializing Engine...
[2023.03.01-12.15.16:837][  0]LogHMD: Failed to enumerate extensions. Please check that you have a valid OpenXR runtime installed.
[2023.03.01-12.15.16:837][  0]LogHMD: Failed to initialize OpenVR with code 110
[2023.03.01-12.15.16:837][  0]LogMagicLeap: Warning: VR disabled because ZI is not enabled.  To enable, in the editor, Edit -> Project Settings -> Plugins -> Magic Leap Plugin -> Enable Zero Iteration
[2023.03.01-12.15.16:839][  0]LogStats: UGameplayTagsManager::InitializeManager -  0.000 s
[2023.03.01-12.15.16:935][  0]LogInit: Initializing FReadOnlyCVARCache
[2023.03.01-12.15.16:935][  0]LogAudio: Display: Initializing Audio Device Manager...
[2023.03.01-12.15.16:938][  0]LogAudio: Display: Loading Default Audio Settings Objects...
[2023.03.01-12.15.16:938][  0]LogAudio: Display: No default SoundConcurrencyObject specified (or failed to load).
[2023.03.01-12.15.16:939][  0]LogAudio: Display: Audio Device Manager Initialized
[2023.03.01-12.15.16:939][  0]LogAudio: Display: Creating Audio Device:                 Id: 1, Scope: Shared, Realtime: True
[2023.03.01-12.15.16:939][  0]LogAudioMixer: Display: Audio Mixer Platform Settings:
[2023.03.01-12.15.16:939][  0]LogAudioMixer: Display: 	Sample Rate:						  48000
[2023.03.01-12.15.16:939][  0]LogAudioMixer: Display: 	Callback Buffer Frame Size Requested: 1024
[2023.03.01-12.15.16:939][  0]LogAudioMixer: Display: 	Callback Buffer Frame Size To Use:	  1024
[2023.03.01-12.15.16:939][  0]LogAudioMixer: Display: 	Number of buffers to queue:			  2
[2023.03.01-12.15.16:939][  0]LogAudioMixer: Display: 	Max Channels (voices):				  32
[2023.03.01-12.15.16:939][  0]LogAudioMixer: Display: 	Number of Async Source Workers:		  0
[2023.03.01-12.15.16:939][  0]LogAudio: Display: AudioDevice MaxSources: 32
[2023.03.01-12.15.16:939][  0]LogAudio: Display: Audio Spatialization Plugin: None (built-in).
[2023.03.01-12.15.16:939][  0]LogAudio: Display: Audio Reverb Plugin: None (built-in).
[2023.03.01-12.15.16:939][  0]LogAudio: Display: Audio Occlusion Plugin: None (built-in).
[2023.03.01-12.15.16:939][  0]LogAudioMixer: Display: Initializing audio mixer.
[2023.03.01-12.15.16:950][  0]LogAudioMixer: Display: 0: FrontLeft
[2023.03.01-12.15.16:950][  0]LogAudioMixer: Display: 1: FrontRight
[2023.03.01-12.15.16:970][  0]LogAudioMixer: Display: Using Audio Device Speakers (Realtek(R) Audio)
[2023.03.01-12.15.16:977][  0]LogAudioMixer: Display: Initializing Sound Submixes...
[2023.03.01-12.15.16:979][  0]LogAudioMixer: Display: Creating Master Submix 'MasterSubmixDefault'
[2023.03.01-12.15.16:979][  0]LogAudioMixer: Display: Creating Master Submix 'MasterReverbSubmixDefault'
[2023.03.01-12.15.16:979][  0]LogAudioMixer: Display: Creating Master Submix 'MasterEQSubmixDefault'
[2023.03.01-12.15.16:979][  0]LogAudioMixer: FMixerPlatformXAudio2::StartAudioStream() called
[2023.03.01-12.15.16:979][  0]LogAudioMixer: Display: Output buffers initialized: Frames=1024, Channels=2, Samples=2048
[2023.03.01-12.15.16:980][  0]LogAudioMixer: Display: Starting AudioMixerPlatformInterface::RunInternal()
[2023.03.01-12.15.16:980][  0]LogAudioMixer: Display: FMixerPlatformXAudio2::SubmitBuffer() called for the first time
[2023.03.01-12.15.16:980][  0]LogInit: FAudioDevice initialized.
[2023.03.01-12.15.16:982][  0]LogNetVersion: Set ProjectVersion to 1.0.0.0. Version Checksum will be recalculated on next use.
[2023.03.01-12.15.16:982][  0]LogInit: Texture streaming: Enabled
[2023.03.01-12.15.17:053][  0]LogAudio: Display: Audio Device (ID: 1) registered with world 'Untitled'.
[2023.03.01-12.15.17:054][  0]LogSlate: Updating window title bar state: overlay mode, drag disabled, window buttons hidden, title bar hidden
[2023.03.01-12.15.17:054][  0]LogInit: Display: Game Engine Initialized.
[2023.03.01-12.15.17:054][  0]LogNiagaraEditor: GEditor isn't valid! Particle reset commands will not work for Niagara components!
[2023.03.01-12.15.17:162][  0]LogInit: Display: Starting Game.
[2023.03.01-12.15.17:163][  0]LogNet: Browse: /Game/ThirdPersonCPP/Maps/ThirdPersonExampleMap?Name=Player
[2023.03.01-12.15.17:164][  0]LogLoad: LoadMap: /Game/ThirdPersonCPP/Maps/ThirdPersonExampleMap?Name=Player
[2023.03.01-12.15.17:164][  0]LogWorld: BeginTearingDown for /Temp/Untitled_0
[2023.03.01-12.15.17:166][  0]LogWorld: UWorld::CleanupWorld for Untitled, bSessionEnded=true, bCleanupResources=true
[2023.03.01-12.15.17:167][  0]LogSlate: InvalidateAllWidgets triggered.  All widgets were invalidated
[2023.03.01-12.15.17:172][  0]LogAudio: Display: Audio Device unregistered from world 'None'.
[2023.03.01-12.15.17:174][  0]LogUObjectHash: Compacting FUObjectHashTables data took   0.70ms
[2023.03.01-12.15.17:221][  0]LogAudio: Display: Audio Device (ID: 1) registered with world 'ThirdPersonExampleMap'.
[2023.03.01-12.15.17:229][  0]LogAIModule: Creating AISystem for world ThirdPersonExampleMap
[2023.03.01-12.15.17:230][  0]LogLoad: Game class is 'vectors3dGameMode'
[2023.03.01-12.15.17:234][  0]LogWorld: Bringing World /Game/ThirdPersonCPP/Maps/ThirdPersonExampleMap.ThirdPersonExampleMap up for play (max tick rate 0) at 2023.03.01-17.45.17
[2023.03.01-12.15.17:234][  0]LogWorld: Bringing up level for play took: 0.003101
[2023.03.01-12.15.17:236][  0]LogLoad: Took 0.072505 seconds to LoadMap(/Game/ThirdPersonCPP/Maps/ThirdPersonExampleMap)
[2023.03.01-12.15.17:262][  0]LogSlate: Took 0.000182 seconds to synchronously load lazily loaded font '../../../Engine/Content/Slate/Fonts/Roboto-Regular.ttf' (155K)
[2023.03.01-12.15.17:283][  0]LogRenderer: Reallocating scene render targets to support 1280x720 Format 10 NumSamples 1 (Frame:1).
[2023.03.01-12.15.17:284][  0]LogInit: Display: Engine is initialized. Leaving FEngineLoop::Init()
[2023.03.01-12.15.17:284][  0]LogLoad: (Engine Initialization) Total time: 5.06 seconds
[2023.03.01-12.15.17:284][  0]LogLoad: (Engine Initialization) Total Blueprint compile time: 0.00 seconds
[2023.03.01-12.15.17:298][  0]LogContentStreaming: Texture pool size now 1000 MB
[2023.03.01-12.15.17:301][  0]LogSlate: InvalidateAllWidgets triggered.  All widgets were invalidated
[2023.03.01-12.15.17:353][  0]LogRenderer: Reallocating scene render targets to support 128x128 Format 10 NumSamples 1 (Frame:1).
[2023.03.01-12.15.17:384][  0]LogRenderer: Reallocating scene render targets to support 1280x720 Format 10 NumSamples 1 (Frame:2).
[2023.03.01-12.15.17:400][  1]LogSlate: Took 0.000170 seconds to synchronously load lazily loaded font '../../../Engine/Content/Slate/Fonts/Roboto-Regular.ttf' (155K)
[2023.03.01-12.16.31:926][ 41]LogSlate: Window 'vectors3d (64-bit Development PCD3D_SM5) ' being destroyed
[2023.03.01-12.16.31:927][ 41]LogWindowsTextInputMethodSystem: Display: IME system deactivated.
[2023.03.01-12.16.31:931][ 41]LogSlate: Updating window title bar state: overlay mode, drag disabled, window buttons hidden, title bar hidden
[2023.03.01-12.16.31:931][ 41]LogEngine: All Windows Closed
[2023.03.01-12.16.31:931][ 41]LogWindows: FPlatformMisc::RequestExit(0)
[2023.03.01-12.16.31:931][ 41]LogWindows: FPlatformMisc::RequestExitWithStatus(0, 0)
[2023.03.01-12.16.31:931][ 41]LogCore: Engine exit requested (reason: Win RequestExit)
[2023.03.01-12.16.31:932][ 42]LogCore: Engine exit requested (reason: EngineExit() was called; note: exit was already requested)
[2023.03.01-12.16.31:932][ 42]LogInit: Display: PreExit Game.
[2023.03.01-12.16.31:941][ 42]LogWorld: BeginTearingDown for /Game/ThirdPersonCPP/Maps/ThirdPersonExampleMap
[2023.03.01-12.16.31:942][ 42]LogWorld: UWorld::CleanupWorld for ThirdPersonExampleMap, bSessionEnded=true, bCleanupResources=true
[2023.03.01-12.16.31:942][ 42]LogSlate: InvalidateAllWidgets triggered.  All widgets were invalidated
[2023.03.01-12.16.32:891][ 42]LogAudio: Display: Beginning Audio Device Manager Shutdown (Module: AudioMixerXAudio2)...
[2023.03.01-12.16.32:891][ 42]LogAudio: Display: Destroying 1 Remaining Audio Device(s)...
[2023.03.01-12.16.32:891][ 42]LogAudio: Display: Audio Device unregistered from world 'ThirdPersonExampleMap'.
[2023.03.01-12.16.32:925][ 42]LogAudioMixer: FMixerPlatformXAudio2::StopAudioStream() called
[2023.03.01-12.16.32:927][ 42]LogAudioMixer: FMixerPlatformXAudio2::StopAudioStream() called
[2023.03.01-12.16.32:931][ 42]LogAudio: Display: Audio Device Manager Shutdown
[2023.03.01-12.16.32:934][ 42]LogExit: Preparing to exit.
[2023.03.01-12.16.33:453][ 42]LogSlate: Updating window title bar state: overlay mode, drag disabled, window buttons hidden, title bar hidden
[2023.03.01-12.16.33:454][ 42]LogUObjectHash: Compacting FUObjectHashTables data took   1.00ms
[2023.03.01-12.16.33:521][ 42]LogMoviePlayer: Shutting down movie player
[2023.03.01-12.16.33:693][ 42]LogDemo: Cleaned up 0 splitscreen connections with owner deletion
[2023.03.01-12.16.33:700][ 42]LogExit: Game engine shut down
[2023.03.01-12.16.33:755][ 42]LogExit: Object subsystem successfully closed.
[2023.03.01-12.16.33:767][ 42]LogShaderCompilers: Display: === FShaderJobCache stats ===
[2023.03.01-12.16.33:767][ 42]LogShaderCompilers: Display: Total job queries 0, among them cache hits 0 (0.00%)
[2023.03.01-12.16.33:767][ 42]LogShaderCompilers: Display: Tracking 0 distinct input hashes that result in 0 distinct outputs (0.00%)
[2023.03.01-12.16.33:767][ 42]LogShaderCompilers: Display: RAM used: 0.00 MB (0.00 GB) of 819.20 MB (0.80 GB) budget. Usage: 0.00%
[2023.03.01-12.16.33:767][ 42]LogShaderCompilers: Display: ================================================
[2023.03.01-12.16.33:776][ 42]LogShaderCompilers: Display: Shaders left to compile 0
[2023.03.01-12.16.33:798][ 42]LogModuleManager: Shutting down and abandoning module SequenceRecorderSections (562)
[2023.03.01-12.16.33:798][ 42]LogModuleManager: Shutting down and abandoning module SequenceRecorder (560)
[2023.03.01-12.16.33:798][ 42]LogModuleManager: Shutting down and abandoning module AutomationController (558)
[2023.03.01-12.16.33:798][ 42]LogModuleManager: Shutting down and abandoning module AutomationWorker (556)
[2023.03.01-12.16.33:798][ 42]LogModuleManager: Shutting down and abandoning module Voice (554)
[2023.03.01-12.16.33:799][ 42]LogModuleManager: Shutting down and abandoning module AIModule (552)
[2023.03.01-12.16.33:799][ 42]LogModuleManager: Shutting down and abandoning module GameplayDebugger (551)
[2023.03.01-12.16.33:799][ 42]LogModuleManager: Shutting down and abandoning module AITestSuite (549)
[2023.03.01-12.16.33:799][ 42]LogModuleManager: Shutting down and abandoning module NavigationSystem (547)
[2023.03.01-12.16.33:799][ 42]LogModuleManager: Shutting down and abandoning module SteamVREditor (544)
[2023.03.01-12.16.33:799][ 42]LogModuleManager: Shutting down and abandoning module ToolMenus (543)
[2023.03.01-12.16.33:799][ 42]LogModuleManager: Shutting down and abandoning module OculusMR (540)
[2023.03.01-12.16.33:799][ 42]LogModuleManager: Shutting down and abandoning module TakeRecorderSources (538)
[2023.03.01-12.16.33:799][ 42]LogModuleManager: Shutting down and abandoning module TakeRecorder (537)
[2023.03.01-12.16.33:799][ 42]LogModuleManager: Shutting down and abandoning module TakeTrackRecorders (534)
[2023.03.01-12.16.33:799][ 42]LogModuleManager: Shutting down and abandoning module TakesCore (532)
[2023.03.01-12.16.33:799][ 42]LogModuleManager: Shutting down and abandoning module OpenXRInput (530)
[2023.03.01-12.16.33:799][ 42]LogModuleManager: Shutting down and abandoning module WmfMediaFactory (528)
[2023.03.01-12.16.33:799][ 42]LogModuleManager: Shutting down and abandoning module WebMMediaFactory (526)
[2023.03.01-12.16.33:799][ 42]LogModuleManager: Shutting down and abandoning module WebMMedia (524)
[2023.03.01-12.16.33:799][ 42]LogModuleManager: Shutting down and abandoning module OpenExrWrapper (522)
[2023.03.01-12.16.33:799][ 42]LogModuleManager: Shutting down and abandoning module ImgMediaFactory (520)
[2023.03.01-12.16.33:799][ 42]LogModuleManager: Shutting down and abandoning module AvfMediaFactory (518)
[2023.03.01-12.16.33:799][ 42]LogModuleManager: Shutting down and abandoning module MagicLeapMediaCodecFactory (516)
[2023.03.01-12.16.33:799][ 42]LogModuleManager: Shutting down and abandoning module MagicLeapMediaFactory (514)
[2023.03.01-12.16.33:799][ 42]LogModuleManager: Shutting down and abandoning module PlanarCut (512)
[2023.03.01-12.16.33:799][ 42]LogModuleManager: Shutting down and abandoning module CharacterAI (510)
[2023.03.01-12.16.33:799][ 42]LogModuleManager: Shutting down and abandoning module SessionServices (508)
[2023.03.01-12.16.33:799][ 42]LogModuleManager: Shutting down and abandoning module MovieSceneCapture (506)
[2023.03.01-12.16.33:799][ 42]LogModuleManager: Shutting down and abandoning module LiveCoding (504)
[2023.03.01-12.16.33:799][ 42]LogModuleManager: Shutting down and abandoning module LevelSequence (502)
[2023.03.01-12.16.33:799][ 42]LogModuleManager: Shutting down and abandoning module MovieSceneTracks (500)
[2023.03.01-12.16.33:799][ 42]LogModuleManager: Shutting down and abandoning module MovieScene (498)
[2023.03.01-12.16.33:799][ 42]LogModuleManager: Shutting down and abandoning module StreamingPauseRendering (496)
[2023.03.01-12.16.33:799][ 42]LogModuleManager: Shutting down and abandoning module PortalServices (494)
[2023.03.01-12.16.33:799][ 42]LogModuleManager: Shutting down and abandoning module PortalRpc (492)
[2023.03.01-12.16.33:799][ 42]LogModuleManager: Shutting down and abandoning module MessagingRpc (490)
[2023.03.01-12.16.33:800][ 42]LogModuleManager: Shutting down and abandoning module AudioMixerXAudio2 (488)
[2023.03.01-12.16.33:800][ 42]LogModuleManager: Shutting down and abandoning module AudioMixerCore (487)
[2023.03.01-12.16.33:800][ 42]LogModuleManager: Shutting down and abandoning module ImageWriteQueue (484)
[2023.03.01-12.16.33:800][ 42]LogModuleManager: Shutting down and abandoning module ProfilerService (482)
[2023.03.01-12.16.33:949][ 42]LogModuleManager: Shutting down and abandoning module TaskGraph (480)
[2023.03.01-12.16.33:949][ 42]LogModuleManager: Shutting down and abandoning module OculusInput (478)
[2023.03.01-12.16.33:949][ 42]LogModuleManager: Shutting down and abandoning module Synthesis (476)
[2023.03.01-12.16.33:949][ 42]LogModuleManager: Shutting down and abandoning module ProceduralMeshComponent (474)
[2023.03.01-12.16.33:949][ 42]LogModuleManager: Shutting down and abandoning module TakeMovieScene (472)
[2023.03.01-12.16.33:949][ 42]LogModuleManager: Shutting down and abandoning module MobilePatchingUtils (470)
[2023.03.01-12.16.33:949][ 42]LogModuleManager: Shutting down and abandoning module GooglePAD (468)
[2023.03.01-12.16.33:949][ 42]LogModuleManager: Shutting down and abandoning module EditableMesh (466)
[2023.03.01-12.16.33:949][ 42]LogModuleManager: Shutting down and abandoning module CustomMeshComponent (464)
[2023.03.01-12.16.33:949][ 42]LogModuleManager: Shutting down and abandoning module CableComponent (462)
[2023.03.01-12.16.33:949][ 42]LogModuleManager: Shutting down and abandoning module AudioCapture (460)
[2023.03.01-12.16.33:949][ 42]LogModuleManager: Shutting down and abandoning module AudioCaptureRtAudio (459)
[2023.03.01-12.16.33:949][ 42]LogModuleManager: Shutting down and abandoning module AssetTags (456)
[2023.03.01-12.16.33:949][ 42]LogModuleManager: Shutting down and abandoning module ArchVisCharacter (454)
[2023.03.01-12.16.33:949][ 42]LogModuleManager: Shutting down and abandoning module AppleImageUtilsBlueprintSupport (452)
[2023.03.01-12.16.33:949][ 42]LogModuleManager: Shutting down and abandoning module AppleImageUtils (450)
[2023.03.01-12.16.33:949][ 42]LogModuleManager: Shutting down and abandoning module AndroidPermission (448)
[2023.03.01-12.16.33:949][ 42]LogModuleManager: Shutting down and abandoning module ActorLayerUtilities (446)
[2023.03.01-12.16.33:949][ 42]LogModuleManager: Shutting down and abandoning module TemplateSequence (444)
[2023.03.01-12.16.33:949][ 42]LogModuleManager: Shutting down and abandoning module MediaCompositing (442)
[2023.03.01-12.16.33:949][ 42]LogModuleManager: Shutting down and abandoning module ImgMedia (440)
[2023.03.01-12.16.33:949][ 42]LogModuleManager: Shutting down and abandoning module MagicLeapSharedWorld (438)
[2023.03.01-12.16.33:949][ 42]LogModuleManager: Shutting down and abandoning module MagicLeapLightEstimation (436)
[2023.03.01-12.16.33:949][ 42]LogModuleManager: Shutting down and abandoning module MagicLeapHelperVulkan (434)
[2023.03.01-12.16.33:949][ 42]LogModuleManager: Shutting down and abandoning module MagicLeapHelperOpenGL (432)
[2023.03.01-12.16.33:949][ 42]LogModuleManager: Shutting down and abandoning module MagicLeapAudio (430)
[2023.03.01-12.16.33:949][ 42]LogModuleManager: Shutting down and abandoning module OpenImageDenoise (428)
[2023.03.01-12.16.33:949][ 42]LogOpenImageDenoise: OIDN shutting down
[2023.03.01-12.16.33:949][ 42]LogModuleManager: Shutting down and abandoning module MotoSynth (426)
[2023.03.01-12.16.33:950][ 42]LogModuleManager: Shutting down and abandoning module MeshConversion (424)
[2023.03.01-12.16.33:950][ 42]LogModuleManager: Shutting down and abandoning module DynamicMesh (422)
[2023.03.01-12.16.33:950][ 42]LogModuleManager: Shutting down and abandoning module GeometryAlgorithms (420)
[2023.03.01-12.16.33:950][ 42]LogModuleManager: Shutting down and abandoning module GeometricObjects (418)
[2023.03.01-12.16.33:950][ 42]LogModuleManager: Shutting down and abandoning module GeometryCollectionTracks (416)
[2023.03.01-12.16.33:950][ 42]LogModuleManager: Shutting down and abandoning module GeometryCollectionSequencer (415)
[2023.03.01-12.16.33:950][ 42]LogModuleManager: Shutting down and abandoning module GeometryCacheTracks (412)
[2023.03.01-12.16.33:950][ 42]LogModuleManager: Shutting down and abandoning module GeometryCacheSequencer (411)
[2023.03.01-12.16.33:950][ 42]LogModuleManager: Shutting down and abandoning module GeometryCache (408)
[2023.03.01-12.16.33:950][ 42]LogModuleManager: Shutting down and abandoning module GeometryCacheEd (407)
[2023.03.01-12.16.33:950][ 42]LogModuleManager: Shutting down and abandoning module ChaosNiagara (404)
[2023.03.01-12.16.33:950][ 42]LogModuleManager: Shutting down and abandoning module FieldSystemEngine (403)
[2023.03.01-12.16.33:950][ 42]LogModuleManager: Shutting down and abandoning module BackChannel (400)
[2023.03.01-12.16.33:950][ 42]LogModuleManager: Shutting down and abandoning module AutomationUtils (398)
[2023.03.01-12.16.33:950][ 42]LogModuleManager: Shutting down and abandoning module UObjectPlugin (396)
[2023.03.01-12.16.33:950][ 42]LogModuleManager: Shutting down and abandoning module VisualStudioCodeSourceCodeAccess (394)
[2023.03.01-12.16.33:950][ 42]LogModuleManager: Shutting down and abandoning module VisualStudioSourceCodeAccess (392)
[2023.03.01-12.16.33:950][ 42]LogModuleManager: Shutting down and abandoning module HotReload (391)
[2023.03.01-12.16.33:950][ 42]LogModuleManager: Shutting down and abandoning module SubversionSourceControl (388)
[2023.03.01-12.16.33:950][ 42]LogModuleManager: Shutting down and abandoning module PerforceSourceControl (386)
[2023.03.01-12.16.33:950][ 42]LogModuleManager: Shutting down and abandoning module SourceControl (385)
[2023.03.01-12.16.33:950][ 42]LogModuleManager: Shutting down and abandoning module CLionSourceCodeAccess (382)
[2023.03.01-12.16.33:950][ 42]LogModuleManager: Shutting down and abandoning module OodleNetworkHandlerComponent (380)
[2023.03.01-12.16.33:950][ 42]LogModuleManager: Shutting down and abandoning module LiveLinkSequencer (378)
[2023.03.01-12.16.33:950][ 42]LogModuleManager: Shutting down and abandoning module LiveLinkMovieScene (376)
[2023.03.01-12.16.33:950][ 42]LogModuleManager: Shutting down and abandoning module LiveLinkGraphNode (374)
[2023.03.01-12.16.33:950][ 42]LogModuleManager: Shutting down and abandoning module LiveLinkComponents (372)
[2023.03.01-12.16.33:950][ 42]LogModuleManager: Shutting down and abandoning module LiveLink (370)
